<?xml version="1.0" encoding="UTF-8"?>
<TestRun id="fd9125f9-c71d-44d9-8948-578351c7990c" name="ian@TOTORO 2011-05-23 20:39:37" runUser="Totoro\ian" xmlns="http://microsoft.com/schemas/VisualStudio/TeamTest/2010">
  <TestSettings name="Local" id="4086bb99-4879-4a3b-8a59-bbea98ebebc6">
    <Description>These are default test settings for a local test run.</Description>
    <Deployment enabled="false" runDeploymentRoot="ian_TOTORO 2011-05-23 20_39_37">
      <DeploymentItem filename="C:\Users\ian\Desktop\Classes\311\EECS-311 Assignment 5\HappyFunBlob\bin\x86\Debug\HappyFunBlob.exe" />
    </Deployment>
    <Execution>
      <TestTypeSpecific />
      <AgentRule name="Execution Agents">
      </AgentRule>
    </Execution>
  </TestSettings>
  <Times creation="2011-05-23T20:39:37.8449808-05:00" queuing="2011-05-23T20:39:39.8150935-05:00" start="2011-05-23T20:39:40.1311115-05:00" finish="2011-05-23T20:39:41.7152021-05:00" />
  <ResultSummary outcome="Failed">
    <Counters total="2" executed="2" error="0" failed="2" timeout="0" aborted="0" inconclusive="0" passedButRunAborted="0" notRunnable="0" notExecuted="0" disconnected="0" warning="0" passed="0" completed="0" inProgress="0" pending="0" />
  </ResultSummary>
  <TestDefinitions>
    <UnitTest name="QuicksortDepthSortTest" storage="c:\users\ian\desktop\classes\311\eecs-311 assignment 5\tests\bin\debug\tests.dll" id="939f85f7-9122-8a0f-4bad-41a416597d16">
      <Execution id="bbae79f7-4ecd-4c89-84f4-b7f0a680f2e5" />
      <TestMethod codeBase="C:/Users/ian/Desktop/Classes/311/EECS-311 Assignment 5/Tests/bin/Debug/Tests.DLL" adapterTypeName="Microsoft.VisualStudio.TestTools.TestTypes.Unit.UnitTestAdapter, Microsoft.VisualStudio.QualityTools.Tips.UnitTest.Adapter, Version=10.0.0.0, Culture=neutral, PublicKeyToken=b03f5f7f11d50a3a" className="DictionaryTests.ParticleSystemTest, Tests, Version=1.0.0.0, Culture=neutral, PublicKeyToken=null" name="QuicksortDepthSortTest" />
    </UnitTest>
    <UnitTest name="InsertionDepthSortTest" storage="c:\users\ian\desktop\classes\311\eecs-311 assignment 5\tests\bin\debug\tests.dll" id="be06e006-bfe8-470d-51ff-71233456af6c">
      <Execution id="6656c08e-acd1-49b0-a376-252a9d2d6463" />
      <TestMethod codeBase="C:/Users/ian/Desktop/Classes/311/EECS-311 Assignment 5/Tests/bin/Debug/Tests.DLL" adapterTypeName="Microsoft.VisualStudio.TestTools.TestTypes.Unit.UnitTestAdapter, Microsoft.VisualStudio.QualityTools.Tips.UnitTest.Adapter, Version=10.0.0.0, Culture=neutral, PublicKeyToken=b03f5f7f11d50a3a" className="DictionaryTests.ParticleSystemTest, Tests, Version=1.0.0.0, Culture=neutral, PublicKeyToken=null" name="InsertionDepthSortTest" />
    </UnitTest>
  </TestDefinitions>
  <TestLists>
    <TestList name="Results Not in a List" id="8c84fa94-04c1-424b-9868-57a2d4851a1d" />
    <TestList name="All Loaded Results" id="19431567-8539-422a-85d7-44ee4e166bda" />
  </TestLists>
  <TestEntries>
    <TestEntry testId="939f85f7-9122-8a0f-4bad-41a416597d16" executionId="bbae79f7-4ecd-4c89-84f4-b7f0a680f2e5" testListId="8c84fa94-04c1-424b-9868-57a2d4851a1d" />
    <TestEntry testId="be06e006-bfe8-470d-51ff-71233456af6c" executionId="6656c08e-acd1-49b0-a376-252a9d2d6463" testListId="8c84fa94-04c1-424b-9868-57a2d4851a1d" />
  </TestEntries>
  <Results>
    <UnitTestResult executionId="bbae79f7-4ecd-4c89-84f4-b7f0a680f2e5" testId="939f85f7-9122-8a0f-4bad-41a416597d16" testName="QuicksortDepthSortTest" computerName="TOTORO" duration="00:00:00.2041309" startTime="2011-05-23T20:39:40.1581131-05:00" endTime="2011-05-23T20:39:41.6261971-05:00" testType="13cdc9d9-ddb5-4fa4-a97d-d965ccfc6d4b" outcome="Failed" testListId="8c84fa94-04c1-424b-9868-57a2d4851a1d" relativeResultsDirectory="bbae79f7-4ecd-4c89-84f4-b7f0a680f2e5">
      <Output>
        <ErrorInfo>
          <Message>Test method DictionaryTests.ParticleSystemTest.QuicksortDepthSortTest threw exception: 
System.NotImplementedException: The method or operation is not implemented.</Message>
          <StackTrace>    at HappyFunBlob.ParticleSystem.QuicksortDepthSort() in C:\Users\ian\Desktop\Classes\311\EECS-311 Assignment 5\HappyFunBlob\ParticleSystem.cs:line 259
   at DictionaryTests.ParticleSystemTest.QuicksortDepthSortTest() in C:\Users\ian\Desktop\Classes\311\EECS-311 Assignment 5\Tests\ParticleSystemTest.cs:line 93
</StackTrace>
        </ErrorInfo>
      </Output>
    </UnitTestResult>
    <UnitTestResult executionId="6656c08e-acd1-49b0-a376-252a9d2d6463" testId="be06e006-bfe8-470d-51ff-71233456af6c" testName="InsertionDepthSortTest" computerName="TOTORO" duration="00:00:00.0038598" startTime="2011-05-23T20:39:41.6291972-05:00" endTime="2011-05-23T20:39:41.6391978-05:00" testType="13cdc9d9-ddb5-4fa4-a97d-d965ccfc6d4b" outcome="Failed" testListId="8c84fa94-04c1-424b-9868-57a2d4851a1d" relativeResultsDirectory="6656c08e-acd1-49b0-a376-252a9d2d6463">
      <Output>
        <ErrorInfo>
          <Message>Test method DictionaryTests.ParticleSystemTest.InsertionDepthSortTest threw exception: 
System.NotImplementedException: The method or operation is not implemented.</Message>
          <StackTrace>    at HappyFunBlob.ParticleSystem.InsertionDepthSort() in C:\Users\ian\Desktop\Classes\311\EECS-311 Assignment 5\HappyFunBlob\ParticleSystem.cs:line 254
   at DictionaryTests.ParticleSystemTest.InsertionDepthSortTest() in C:\Users\ian\Desktop\Classes\311\EECS-311 Assignment 5\Tests\ParticleSystemTest.cs:line 72
</StackTrace>
        </ErrorInfo>
      </Output>
    </UnitTestResult>
  </Results>
</TestRun>